TN:
SF:src/card.ts
FN:36,BuildGithubNotificationCard
FN:72,BuildGithubTrendingCard
FNF:2
FNH:1
FNDA:1,BuildGithubNotificationCard
FNDA:0,BuildGithubTrendingCard
DA:36,2
DA:47,1
DA:69,1
DA:72,2
DA:77,0
DA:92,0
LF:6
LH:4
BRDA:41,0,0,0
BRF:1
BRH:0
end_of_record
TN:
SF:src/feishu.ts
FN:5,sign_with_timestamp
FN:11,PostToFeishu
FN:15,(anonymous_2)
FN:25,(anonymous_3)
FN:27,(anonymous_4)
FN:37,(anonymous_5)
FN:41,(anonymous_6)
FNF:7
FNH:6
FNDA:3,sign_with_timestamp
FNDA:3,PostToFeishu
FNDA:3,(anonymous_2)
FNDA:3,(anonymous_3)
FNDA:3,(anonymous_4)
FNDA:3,(anonymous_5)
FNDA:0,(anonymous_6)
DA:1,3
DA:2,3
DA:3,3
DA:5,3
DA:6,3
DA:7,3
DA:8,3
DA:11,3
DA:15,3
DA:16,3
DA:25,3
DA:26,3
DA:27,3
DA:28,3
DA:29,3
DA:30,3
DA:31,3
DA:32,3
DA:33,3
DA:37,3
DA:38,3
DA:41,3
DA:42,0
DA:43,0
DA:45,3
DA:46,3
LF:26
LH:24
BRF:0
BRH:0
end_of_record
TN:
SF:src/github2feishu.ts
FN:7,PostGithubTrending
FN:12,(anonymous_9)
FN:19,PostGithubEvent
FNF:3
FNH:1
FNDA:0,PostGithubTrending
FNDA:0,(anonymous_9)
FNDA:1,PostGithubEvent
DA:1,2
DA:2,2
DA:3,2
DA:4,2
DA:5,2
DA:12,0
DA:13,0
DA:14,0
DA:15,0
DA:19,2
DA:20,1
DA:23,1
DA:27,1
DA:28,1
DA:30,1
DA:31,1
DA:32,1
DA:34,1
DA:35,1
DA:36,1
DA:37,1
DA:39,1
DA:42,1
DA:43,1
DA:45,0
DA:47,0
DA:49,0
DA:51,0
DA:53,0
DA:55,0
DA:57,0
DA:59,0
DA:61,0
DA:63,0
DA:65,0
DA:67,0
DA:69,0
DA:71,0
DA:73,0
DA:75,0
DA:77,0
DA:79,0
DA:81,0
DA:83,0
DA:85,0
DA:87,0
DA:89,0
DA:91,0
DA:93,0
DA:95,0
DA:97,1
DA:98,1
DA:99,1
DA:115,1
DA:121,1
DA:122,1
DA:124,0
DA:126,0
DA:127,0
DA:134,0
DA:135,0
DA:136,0
DA:138,0
DA:140,0
DA:142,0
DA:145,0
DA:146,0
DA:148,0
DA:149,0
DA:150,0
DA:152,0
DA:154,0
DA:156,0
DA:158,0
DA:161,1
DA:162,1
DA:173,1
DA:174,1
LF:78
LH:30
BRDA:20,0,0,1
BRDA:20,0,1,0
BRDA:22,1,0,0
BRDA:22,1,1,0
BRDA:23,2,0,1
BRDA:23,2,1,0
BRDA:25,3,0,0
BRDA:25,3,1,0
BRDA:27,4,0,1
BRDA:27,4,1,0
BRDA:36,5,0,1
BRDA:36,5,1,0
BRDA:36,6,0,0
BRDA:36,6,1,1
BRDA:36,7,0,1
BRDA:36,7,1,1
BRDA:37,8,0,1
BRDA:37,8,1,1
BRDA:39,9,0,1
BRDA:39,9,1,1
BRDA:39,9,2,1
BRDA:39,10,0,1
BRDA:39,10,1,0
BRDA:39,11,0,1
BRDA:39,11,1,1
BRDA:40,12,0,1
BRDA:40,12,1,0
BRDA:40,13,0,1
BRDA:40,13,1,1
BRDA:43,14,0,0
BRDA:43,14,1,0
BRDA:43,14,2,0
BRDA:43,14,3,0
BRDA:43,14,4,0
BRDA:43,14,5,0
BRDA:43,14,6,0
BRDA:43,14,7,0
BRDA:43,14,8,0
BRDA:43,14,9,0
BRDA:43,14,10,0
BRDA:43,14,11,0
BRDA:43,14,12,0
BRDA:43,14,13,0
BRDA:43,14,14,0
BRDA:43,14,15,0
BRDA:43,14,16,0
BRDA:43,14,17,0
BRDA:43,14,18,0
BRDA:43,14,19,0
BRDA:43,14,20,0
BRDA:43,14,21,0
BRDA:43,14,22,0
BRDA:43,14,23,0
BRDA:43,14,24,0
BRDA:43,14,25,0
BRDA:43,14,26,1
BRDA:43,14,27,0
BRDA:43,14,28,0
BRDA:43,14,29,0
BRDA:43,14,30,0
BRDA:43,14,31,0
BRDA:43,14,32,0
BRDA:43,14,33,0
BRDA:43,14,34,0
BRDA:43,14,35,0
BRDA:43,14,36,0
BRDA:99,15,0,0
BRDA:99,15,1,1
BRDA:103,16,0,1
BRDA:103,16,1,0
BRDA:116,17,0,0
BRDA:116,17,1,1
BRDA:118,18,0,1
BRDA:118,18,1,0
BRDA:133,19,0,0
BRDA:133,19,1,0
BRDA:134,20,0,0
BRDA:134,20,1,0
BRDA:147,21,0,0
BRDA:147,21,1,0
BRDA:147,22,0,0
BRDA:147,22,1,0
BRDA:149,23,0,0
BRDA:149,23,1,0
BRDA:149,24,0,0
BRDA:149,24,1,0
BRDA:149,25,0,0
BRDA:149,25,1,0
BRF:88
BRH:23
end_of_record
TN:
SF:src/index.ts
FNF:0
FNH:0
DA:1,1
DA:4,1
LF:2
LH:2
BRF:0
BRH:0
end_of_record
TN:
SF:src/trend.ts
FN:15,getTrending
FN:20,(anonymous_9)
FNF:2
FNH:2
FNDA:2,getTrending
FNDA:25,(anonymous_9)
DA:1,3
DA:2,3
DA:15,3
DA:16,2
DA:17,2
DA:18,1
DA:19,1
DA:20,1
DA:21,25
DA:22,25
DA:23,25
DA:25,25
DA:26,25
DA:27,25
DA:29,25
DA:51,25
DA:54,1
DA:56,1
LF:18
LH:18
BRDA:33,0,0,25
BRDA:33,0,1,2
BRDA:36,1,0,25
BRDA:36,1,1,0
BRDA:39,2,0,25
BRDA:39,2,1,0
BRDA:42,3,0,25
BRDA:42,3,1,0
BRF:8
BRH:5
end_of_record
