TN:
SF:src/card.ts
FN:36,BuildGithubNotificationCard
FN:72,BuildGithubTrendingCard
FNF:2
FNH:1
FNDA:1,BuildGithubNotificationCard
FNDA:0,BuildGithubTrendingCard
DA:36,2
DA:47,1
DA:69,1
DA:72,2
DA:77,0
DA:92,0
LF:6
LH:4
BRDA:41,0,0,0
BRF:1
BRH:0
end_of_record
TN:
SF:src/feishu.ts
FN:5,sign_with_timestamp
FN:11,PostToFeishu
FN:15,(anonymous_2)
FN:25,(anonymous_3)
FN:27,(anonymous_4)
FN:37,(anonymous_5)
FN:41,(anonymous_6)
FNF:7
FNH:6
FNDA:2,sign_with_timestamp
FNDA:2,PostToFeishu
FNDA:2,(anonymous_2)
FNDA:2,(anonymous_3)
FNDA:2,(anonymous_4)
FNDA:2,(anonymous_5)
FNDA:0,(anonymous_6)
DA:1,3
DA:2,3
DA:3,3
DA:5,3
DA:6,2
DA:7,2
DA:8,2
DA:11,3
DA:15,2
DA:16,2
DA:25,2
DA:26,2
DA:27,2
DA:28,2
DA:29,2
DA:30,2
DA:31,2
DA:32,2
DA:33,2
DA:37,2
DA:38,2
DA:41,2
DA:42,0
DA:43,0
DA:45,2
DA:46,2
LF:26
LH:24
BRF:0
BRH:0
end_of_record
TN:
SF:src/github2feishu.ts
FN:7,PostGithubTrending
FN:12,(anonymous_9)
FN:19,PostGithubEvent
FNF:3
FNH:1
FNDA:0,PostGithubTrending
FNDA:0,(anonymous_9)
FNDA:1,PostGithubEvent
DA:1,2
DA:2,2
DA:3,2
DA:4,2
DA:5,2
DA:12,0
DA:13,0
DA:14,0
DA:15,0
DA:19,2
DA:20,1
DA:23,1
DA:27,1
DA:28,1
DA:30,1
DA:31,1
DA:32,1
DA:34,1
DA:35,1
DA:36,1
DA:37,1
DA:39,1
DA:42,1
DA:43,1
DA:45,1
DA:46,1
DA:47,1
DA:48,1
DA:49,1
DA:51,0
DA:53,0
DA:55,0
DA:59,0
DA:60,0
DA:61,0
DA:63,0
DA:67,0
DA:68,0
DA:69,0
DA:71,0
DA:73,0
DA:75,0
DA:77,0
DA:79,0
DA:81,0
DA:83,0
DA:85,0
DA:87,0
DA:89,0
DA:91,0
DA:93,0
DA:95,0
DA:97,0
DA:99,0
DA:101,0
DA:103,0
DA:105,0
DA:107,0
DA:109,0
DA:111,0
DA:113,0
DA:114,0
DA:115,0
DA:133,0
DA:139,0
DA:140,0
DA:142,0
DA:144,0
DA:145,0
DA:152,0
DA:153,0
DA:154,0
DA:156,0
DA:158,0
DA:160,0
DA:163,0
DA:164,0
DA:166,0
DA:167,0
DA:168,0
DA:170,0
DA:172,0
DA:174,0
DA:176,0
DA:179,1
DA:180,1
DA:191,1
DA:192,1
LF:88
LH:29
BRDA:20,0,0,1
BRDA:20,0,1,0
BRDA:22,1,0,0
BRDA:22,1,1,0
BRDA:23,2,0,1
BRDA:23,2,1,0
BRDA:25,3,0,0
BRDA:25,3,1,0
BRDA:27,4,0,1
BRDA:27,4,1,0
BRDA:36,5,0,1
BRDA:36,5,1,0
BRDA:36,6,0,0
BRDA:36,6,1,1
BRDA:36,7,0,1
BRDA:36,7,1,1
BRDA:37,8,0,1
BRDA:37,8,1,0
BRDA:39,9,0,1
BRDA:39,9,1,1
BRDA:39,9,2,1
BRDA:39,10,0,1
BRDA:39,10,1,0
BRDA:39,11,0,1
BRDA:39,11,1,1
BRDA:40,12,0,1
BRDA:40,12,1,0
BRDA:40,13,0,1
BRDA:40,13,1,1
BRDA:43,14,0,1
BRDA:43,14,1,0
BRDA:43,14,2,0
BRDA:43,14,3,0
BRDA:43,14,4,0
BRDA:43,14,5,0
BRDA:43,14,6,0
BRDA:43,14,7,0
BRDA:43,14,8,0
BRDA:43,14,9,0
BRDA:43,14,10,0
BRDA:43,14,11,0
BRDA:43,14,12,0
BRDA:43,14,13,0
BRDA:43,14,14,0
BRDA:43,14,15,0
BRDA:43,14,16,0
BRDA:43,14,17,0
BRDA:43,14,18,0
BRDA:43,14,19,0
BRDA:43,14,20,0
BRDA:43,14,21,0
BRDA:43,14,22,0
BRDA:43,14,23,0
BRDA:43,14,24,0
BRDA:43,14,25,0
BRDA:43,14,26,0
BRDA:43,14,27,0
BRDA:43,14,28,0
BRDA:43,14,29,0
BRDA:43,14,30,0
BRDA:43,14,31,0
BRDA:43,14,32,0
BRDA:43,14,33,0
BRDA:43,14,34,0
BRDA:43,14,35,0
BRDA:43,14,36,0
BRDA:48,15,0,1
BRDA:48,15,1,0
BRDA:48,16,0,0
BRDA:48,16,1,1
BRDA:48,17,0,1
BRDA:48,17,1,1
BRDA:56,18,0,0
BRDA:56,18,1,0
BRDA:60,19,0,0
BRDA:60,19,1,0
BRDA:60,20,0,0
BRDA:60,20,1,0
BRDA:60,21,0,0
BRDA:60,21,1,0
BRDA:64,22,0,0
BRDA:64,22,1,0
BRDA:68,23,0,0
BRDA:68,23,1,0
BRDA:68,24,0,0
BRDA:68,24,1,0
BRDA:68,25,0,0
BRDA:68,25,1,0
BRDA:116,26,0,0
BRDA:116,26,1,0
BRDA:121,27,0,0
BRDA:121,27,1,0
BRDA:134,28,0,0
BRDA:134,28,1,0
BRDA:136,29,0,0
BRDA:136,29,1,0
BRDA:151,30,0,0
BRDA:151,30,1,0
BRDA:152,31,0,0
BRDA:152,31,1,0
BRDA:165,32,0,0
BRDA:165,32,1,0
BRDA:165,33,0,0
BRDA:165,33,1,0
BRDA:167,34,0,0
BRDA:167,34,1,0
BRDA:167,35,0,0
BRDA:167,35,1,0
BRDA:167,36,0,0
BRDA:167,36,1,0
BRF:110
BRH:22
end_of_record
TN:
SF:src/index.ts
FNF:0
FNH:0
DA:1,1
DA:4,1
LF:2
LH:2
BRF:0
BRH:0
end_of_record
TN:
SF:src/trend.ts
FN:15,getTrending
FN:20,(anonymous_9)
FNF:2
FNH:2
FNDA:2,getTrending
FNDA:25,(anonymous_9)
DA:1,3
DA:2,3
DA:15,3
DA:16,2
DA:17,2
DA:18,1
DA:19,1
DA:20,1
DA:21,25
DA:22,25
DA:23,25
DA:25,25
DA:26,25
DA:27,25
DA:29,25
DA:51,25
DA:54,1
DA:56,1
LF:18
LH:18
BRDA:33,0,0,25
BRDA:33,0,1,2
BRDA:36,1,0,25
BRDA:36,1,1,0
BRDA:39,2,0,25
BRDA:39,2,1,0
BRDA:42,3,0,25
BRDA:42,3,1,0
BRF:8
BRH:5
end_of_record
